app/build 3/intermediates/manifest_merge_blame_file/debug/manifest-merger-blame-debug-report.txt
1<?xml version="1.0" encoding="utf-8"?>
2<manifest xmlns:android="http://schemas.android.com/apk/res/android"
3    package="com.policyboss.policybosspro"
4    android:versionCode="13"
5    android:versionName="0.1.3" >
6
7    <uses-sdk
8        android:minSdkVersion="21"
8-->src/main/AndroidManifest.xml
9        android:targetSdkVersion="33" />
9-->src/main/AndroidManifest.xml
10
11    <queries>
11-->src/main/AndroidManifest.xml:1122:5-1181:15
12
13        <!-- Browser -->
14        <intent>
14-->src/main/AndroidManifest.xml:1125:9-1129:18
15            <action android:name="android.intent.action.VIEW" />
15-->src/main/AndroidManifest.xml:103:17-69
15-->src/main/AndroidManifest.xml:103:25-66
16
17            <data android:scheme="http" />
17-->src/main/AndroidManifest.xml:38:17-48
17-->src/main/AndroidManifest.xml:108:23-44
18        </intent>
19        <!-- Camera -->
20        <intent>
20-->src/main/AndroidManifest.xml:1131:9-1133:18
21            <action android:name="android.media.action.IMAGE_CAPTURE" />
21-->src/main/AndroidManifest.xml:1132:13-73
21-->src/main/AndroidManifest.xml:1132:21-70
22        </intent>
23        <!-- Gallery -->
24        <intent>
24-->src/main/AndroidManifest.xml:1135:9-1139:18
25            <action android:name="android.intent.action.GET_CONTENT" />
25-->src/main/AndroidManifest.xml:33:17-76
25-->src/main/AndroidManifest.xml:33:25-73
26
27            <data android:mimeType="image/*" />
27-->src/main/AndroidManifest.xml:38:17-48
27-->src/main/AndroidManifest.xml:38:23-45
28        </intent>
29        <intent>
29-->src/main/AndroidManifest.xml:1140:9-1144:18
30            <action android:name="android.intent.action.PICK" />
30-->src/main/AndroidManifest.xml:1141:13-65
30-->src/main/AndroidManifest.xml:1141:21-62
31
32            <data android:mimeType="image/*" />
32-->src/main/AndroidManifest.xml:38:17-48
32-->src/main/AndroidManifest.xml:38:23-45
33        </intent>
34        <!-- Added -->
35        <intent>
35-->src/main/AndroidManifest.xml:1146:9-1150:18
36            <action android:name="android.intent.action.DIAL" />
36-->src/main/AndroidManifest.xml:1147:13-65
36-->src/main/AndroidManifest.xml:1147:21-62
37
38            <data android:scheme="tel" />
38-->src/main/AndroidManifest.xml:38:17-48
38-->src/main/AndroidManifest.xml:108:23-44
39        </intent>
40        <intent>
40-->src/main/AndroidManifest.xml:1151:9-1155:18
41            <action android:name="android.intent.action.SEND" />
41-->src/main/AndroidManifest.xml:1152:13-65
41-->src/main/AndroidManifest.xml:1152:21-62
42
43            <data android:mimeType="*/*" />
43-->src/main/AndroidManifest.xml:38:17-48
43-->src/main/AndroidManifest.xml:38:23-45
44        </intent>
45        <intent>
45-->src/main/AndroidManifest.xml:1156:9-1160:18
46            <action android:name="android.intent.action.SEND" />
46-->src/main/AndroidManifest.xml:1152:13-65
46-->src/main/AndroidManifest.xml:1152:21-62
47
48            <data android:mimeType="application/pdf" />
48-->src/main/AndroidManifest.xml:38:17-48
48-->src/main/AndroidManifest.xml:38:23-45
49        </intent>
50        <intent>
50-->src/main/AndroidManifest.xml:1161:9-1165:18
51            <action android:name="android.intent.action.VIEW" />
51-->src/main/AndroidManifest.xml:103:17-69
51-->src/main/AndroidManifest.xml:103:25-66
52            <!-- If you don't know the MIME type in advance, set "mimeType" to "*/*". -->
53            <data android:mimeType="application/pdf" />
53-->src/main/AndroidManifest.xml:38:17-48
53-->src/main/AndroidManifest.xml:38:23-45
54        </intent>
55        <intent>
55-->src/main/AndroidManifest.xml:1166:9-1168:18
56            <action android:name="android.intent.action.CHOOSER" />
56-->src/main/AndroidManifest.xml:1167:13-68
56-->src/main/AndroidManifest.xml:1167:21-65
57        </intent>
58        <intent>
58-->src/main/AndroidManifest.xml:1169:9-1175:18
59            <action android:name="android.intent.action.VIEW" />
59-->src/main/AndroidManifest.xml:103:17-69
59-->src/main/AndroidManifest.xml:103:25-66
60
61            <category android:name="android.intent.category.BROWSABLE" />
61-->src/main/AndroidManifest.xml:106:17-78
61-->src/main/AndroidManifest.xml:106:27-75
62
63            <data android:scheme="https" />
63-->src/main/AndroidManifest.xml:38:17-48
63-->src/main/AndroidManifest.xml:108:23-44
64        </intent>
65        <intent>
65-->src/main/AndroidManifest.xml:1176:9-1180:18
66            <action android:name="android.intent.action.VIEW" />
66-->src/main/AndroidManifest.xml:103:17-69
66-->src/main/AndroidManifest.xml:103:25-66
67
68            <data android:scheme="google.navigation" />
68-->src/main/AndroidManifest.xml:38:17-48
68-->src/main/AndroidManifest.xml:108:23-44
69        </intent>
70    </queries>
71
72    <uses-permission android:name="android.permission.INTERNET" />
72-->src/main/AndroidManifest.xml:1182:5-67
72-->src/main/AndroidManifest.xml:1182:22-64
73    <uses-permission android:name="android.permission.CAMERA" />
73-->src/main/AndroidManifest.xml:1183:5-65
73-->src/main/AndroidManifest.xml:1183:22-62
74    <uses-permission
74-->src/main/AndroidManifest.xml:1184:5-1187:40
75        android:name="android.permission.WRITE_EXTERNAL_STORAGE"
75-->src/main/AndroidManifest.xml:1185:9-65
76        android:maxSdkVersion="28" />
76-->src/main/AndroidManifest.xml:1186:9-35
77    <uses-permission android:name="android.permission.READ_EXTERNAL_STORAGE" />
77-->src/main/AndroidManifest.xml:1188:5-80
77-->src/main/AndroidManifest.xml:1188:22-77
78    <uses-permission android:name="android.permission.ACCESS_NETWORK_STATE" />
78-->src/main/AndroidManifest.xml:1189:5-79
78-->src/main/AndroidManifest.xml:1189:22-76
79    <uses-permission android:name="android.permission.ACCESS_WIFI_STATE" />
79-->src/main/AndroidManifest.xml:1190:5-76
79-->src/main/AndroidManifest.xml:1190:22-73
80    <uses-permission android:name="android.permission.CHANGE_WIFI_STATE" />
80-->src/main/AndroidManifest.xml:1191:5-76
80-->src/main/AndroidManifest.xml:1191:22-73
81    <uses-permission android:name="android.permission.READ_CONTACTS" />
81-->src/main/AndroidManifest.xml:1192:5-72
81-->src/main/AndroidManifest.xml:1192:22-69
82    <uses-permission android:name="android.permission.READ_CALL_LOG" />
82-->src/main/AndroidManifest.xml:1194:5-72
82-->src/main/AndroidManifest.xml:1194:22-69
83
84    <!-- Optional permission for Analytics to run. -->
85    <uses-permission android:name="android.permission.WAKE_LOCK" /> <!-- Required by older versions of Google Play services to create IID tokens -->
85-->[com.google.android.gms:play-services-analytics:17.0.0] AndroidManifest.xml:27:5-68
85-->[com.google.android.gms:play-services-analytics:17.0.0] AndroidManifest.xml:27:22-65
86    <uses-permission android:name="com.google.android.c2dm.permission.RECEIVE" />
86-->[com.google.firebase:firebase-iid:20.0.2] AndroidManifest.xml:26:5-82
86-->[com.google.firebase:firebase-iid:20.0.2] AndroidManifest.xml:26:22-79
87    <uses-permission android:name="com.google.android.finsky.permission.BIND_GET_INSTALL_REFERRER_SERVICE" />
87-->[com.google.android.gms:play-services-measurement:17.2.2] AndroidManifest.xml:26:5-110
87-->[com.google.android.gms:play-services-measurement:17.2.2] AndroidManifest.xml:26:22-107
88    <uses-permission android:name="android.permission.RECEIVE_BOOT_COMPLETED" />
88-->[androidx.work:work-runtime:2.8.0] AndroidManifest.xml:25:5-81
88-->[androidx.work:work-runtime:2.8.0] AndroidManifest.xml:25:22-78
89    <uses-permission android:name="android.permission.FOREGROUND_SERVICE" />
89-->[androidx.work:work-runtime:2.8.0] AndroidManifest.xml:26:5-77
89-->[androidx.work:work-runtime:2.8.0] AndroidManifest.xml:26:22-74
90
91    <permission
91-->[androidx.core:core:1.9.0] AndroidManifest.xml:22:5-24:47
92        android:name="com.policyboss.policybosspro.DYNAMIC_RECEIVER_NOT_EXPORTED_PERMISSION"
92-->[androidx.core:core:1.9.0] AndroidManifest.xml:23:9-81
93        android:protectionLevel="signature" />
93-->[androidx.core:core:1.9.0] AndroidManifest.xml:24:9-44
94
95    <uses-permission android:name="com.policyboss.policybosspro.DYNAMIC_RECEIVER_NOT_EXPORTED_PERMISSION" />
95-->[androidx.core:core:1.9.0] AndroidManifest.xml:26:5-97
95-->[androidx.core:core:1.9.0] AndroidManifest.xml:26:22-94
96
97    <application
97-->src/main/AndroidManifest.xml:7:5-1120:19
98        android:name="com.policyboss.policybosspro.MyApplication"
98-->src/main/AndroidManifest.xml:8:9-66
99        android:allowBackup="false"
99-->src/main/AndroidManifest.xml:9:9-36
100        android:appComponentFactory="androidx.core.app.CoreComponentFactory"
100-->[androidx.core:core:1.9.0] AndroidManifest.xml:28:18-86
101        android:debuggable="true"
102        android:icon="@mipmap/ic_policyboss"
102-->src/main/AndroidManifest.xml:10:9-45
103        android:label="PolicyBoss Pro"
103-->src/main/AndroidManifest.xml:11:9-39
104        android:requestLegacyExternalStorage="true"
104-->src/main/AndroidManifest.xml:12:9-52
105        android:roundIcon="@mipmap/ic_policyboss_round"
105-->src/main/AndroidManifest.xml:13:9-56
106        android:supportsRtl="true"
106-->src/main/AndroidManifest.xml:14:9-35
107        android:testOnly="true"
108        android:theme="@style/AppTheme"
108-->src/main/AndroidManifest.xml:15:9-40
109        android:usesCleartextTraffic="true" >
109-->src/main/AndroidManifest.xml:16:9-44
110        <activity
110-->src/main/AndroidManifest.xml:17:9-25:20
111            android:name="com.policyboss.policybosspro.oauthtoken.OauthTokenActivity"
111-->src/main/AndroidManifest.xml:18:13-58
112            android:exported="false"
112-->src/main/AndroidManifest.xml:20:13-37
113            android:screenOrientation="portrait"
113-->src/main/AndroidManifest.xml:19:13-49
114            android:theme="@style/Theme.AppCompat.TranslucentDark" >
114-->src/main/AndroidManifest.xml:21:13-67
115            <meta-data
115-->src/main/AndroidManifest.xml:22:13-24:36
116                android:name="android.app.lib_name"
116-->src/main/AndroidManifest.xml:23:17-52
117                android:value="" />
117-->src/main/AndroidManifest.xml:24:17-33
118        </activity>
119        <activity
119-->src/main/AndroidManifest.xml:26:9-40:20
120            android:name="com.policyboss.policybosspro.file_chooser.FileChooserActivity"
120-->src/main/AndroidManifest.xml:27:13-89
121            android:enabled="true"
121-->src/main/AndroidManifest.xml:28:13-35
122            android:exported="false"
122-->src/main/AndroidManifest.xml:29:13-37
123            android:label="@string/choose_file"
123-->src/main/AndroidManifest.xml:30:13-48
124            android:screenOrientation="portrait" >
124-->src/main/AndroidManifest.xml:31:13-49
125            <intent-filter>
125-->src/main/AndroidManifest.xml:32:13-39:29
126                <action android:name="android.intent.action.GET_CONTENT" />
126-->src/main/AndroidManifest.xml:33:17-76
126-->src/main/AndroidManifest.xml:33:25-73
127
128                <category android:name="android.intent.category.DEFAULT" />
128-->src/main/AndroidManifest.xml:35:17-76
128-->src/main/AndroidManifest.xml:35:27-73
129                <category android:name="android.intent.category.OPENABLE" />
129-->src/main/AndroidManifest.xml:36:17-77
129-->src/main/AndroidManifest.xml:36:27-74
130
131                <data android:mimeType="*/*" />
131-->src/main/AndroidManifest.xml:38:17-48
131-->src/main/AndroidManifest.xml:38:23-45
132            </intent-filter>
133        </activity>
134        <activity
134-->src/main/AndroidManifest.xml:41:9-45:47
135            android:name="com.policyboss.policybosspro.paymentEliteplan.RazorPaymentEliteActivity"
135-->src/main/AndroidManifest.xml:42:13-99
136            android:label="@string/title_activity_razor_payment"
136-->src/main/AndroidManifest.xml:43:13-65
137            android:screenOrientation="portrait"
137-->src/main/AndroidManifest.xml:44:13-49
138            android:theme="@style/AppTheme" />
138-->src/main/AndroidManifest.xml:45:13-44
139        <activity
139-->src/main/AndroidManifest.xml:46:9-50:47
140            android:name="com.policyboss.policybosspro.payment.RazorPaymentActivity"
140-->src/main/AndroidManifest.xml:47:13-85
141            android:label="@string/title_activity_razor_payment"
141-->src/main/AndroidManifest.xml:48:13-65
142            android:screenOrientation="portrait"
142-->src/main/AndroidManifest.xml:49:13-49
143            android:theme="@style/AppTheme" />
143-->src/main/AndroidManifest.xml:50:13-44
144        <activity
144-->src/main/AndroidManifest.xml:51:9-55:47
145            android:name="com.policyboss.policybosspro.webviews.SyncWebViewActivity"
145-->src/main/AndroidManifest.xml:52:13-85
146            android:label="@string/title_activity_razor_payment"
146-->src/main/AndroidManifest.xml:53:13-65
147            android:screenOrientation="portrait"
147-->src/main/AndroidManifest.xml:54:13-49
148            android:theme="@style/AppTheme" />
148-->src/main/AndroidManifest.xml:55:13-44
149        <activity
149-->src/main/AndroidManifest.xml:56:9-60:76
150            android:name="com.policyboss.policybosspro.helpfeedback.raiseticketDialog.RaiseTicketDialogActivity"
150-->src/main/AndroidManifest.xml:57:13-113
151            android:screenOrientation="portrait"
151-->src/main/AndroidManifest.xml:58:13-49
152            android:theme="@style/DialogTheme"
152-->src/main/AndroidManifest.xml:59:13-47
153            android:windowSoftInputMode="adjustResize|stateAlwaysHidden" />
153-->src/main/AndroidManifest.xml:60:13-73
154        <activity
154-->src/main/AndroidManifest.xml:61:9-65:47
155            android:name="com.policyboss.policybosspro.paymentEliteplan.SyncRazorPaymentActivity"
155-->src/main/AndroidManifest.xml:62:13-98
156            android:label="@string/title_activity_razor_payment"
156-->src/main/AndroidManifest.xml:63:13-65
157            android:screenOrientation="portrait"
157-->src/main/AndroidManifest.xml:64:13-49
158            android:theme="@style/AppTheme" />
158-->src/main/AndroidManifest.xml:65:13-44
159        <activity
159-->src/main/AndroidManifest.xml:66:9-72:75
160            android:name="com.policyboss.policybosspro.festivelink.festivalShareActivity"
160-->src/main/AndroidManifest.xml:67:13-90
161            android:label="CUSTOMER COMM."
161-->src/main/AndroidManifest.xml:68:13-43
162            android:parentActivityName="com.policyboss.policybosspro.festivelink.festivelinkActivity"
162-->src/main/AndroidManifest.xml:69:13-102
163            android:screenOrientation="portrait"
163-->src/main/AndroidManifest.xml:70:13-49
164            android:theme="@style/AppTheme"
164-->src/main/AndroidManifest.xml:71:13-44
165            android:windowSoftInputMode="stateAlwaysHidden|stateHidden" />
165-->src/main/AndroidManifest.xml:72:13-72
166        <activity
166-->src/main/AndroidManifest.xml:73:9-79:76
167            android:name="com.policyboss.policybosspro.switchuser.SwitchUserActivity"
167-->src/main/AndroidManifest.xml:74:13-86
168            android:label="Switch User"
168-->src/main/AndroidManifest.xml:75:13-40
169            android:parentActivityName="com.policyboss.policybosspro.home.HomeActivity"
169-->src/main/AndroidManifest.xml:76:13-88
170            android:screenOrientation="portrait"
170-->src/main/AndroidManifest.xml:77:13-49
171            android:theme="@style/AppTheme"
171-->src/main/AndroidManifest.xml:78:13-44
172            android:windowSoftInputMode="adjustResize|stateAlwaysHidden" />
172-->src/main/AndroidManifest.xml:79:13-73
173        <activity
173-->src/main/AndroidManifest.xml:80:9-84:47
174            android:name="com.policyboss.policybosspro.festivelink.festivelinkActivity"
174-->src/main/AndroidManifest.xml:81:13-88
175            android:label="CUSTOMER COMM."
175-->src/main/AndroidManifest.xml:82:13-43
176            android:screenOrientation="portrait"
176-->src/main/AndroidManifest.xml:83:13-49
177            android:theme="@style/AppTheme" />
177-->src/main/AndroidManifest.xml:84:13-44
178        <activity
178-->src/main/AndroidManifest.xml:85:9-89:59
179            android:name="com.policyboss.policybosspro.creditcard.newcreditcard.CreditCardInputActivity"
179-->src/main/AndroidManifest.xml:86:13-105
180            android:label="@string/title_activity_credit_card_input"
180-->src/main/AndroidManifest.xml:87:13-69
181            android:screenOrientation="portrait"
181-->src/main/AndroidManifest.xml:88:13-49
182            android:theme="@style/AppTheme.NoActionBar" />
182-->src/main/AndroidManifest.xml:89:13-56
183        <activity
183-->src/main/AndroidManifest.xml:90:9-132:20
184            android:name="com.policyboss.policybosspro.splashscreen.SplashScreenActivity"
184-->src/main/AndroidManifest.xml:91:13-90
185            android:exported="true"
185-->src/main/AndroidManifest.xml:92:13-36
186            android:noHistory="true"
186-->src/main/AndroidManifest.xml:93:13-37
187            android:screenOrientation="portrait"
187-->src/main/AndroidManifest.xml:94:13-49
188            android:theme="@style/AppTheme"
188-->src/main/AndroidManifest.xml:95:13-44
189            android:windowSoftInputMode="adjustResize|stateAlwaysHidden" >
189-->src/main/AndroidManifest.xml:96:13-73
190            <intent-filter>
190-->src/main/AndroidManifest.xml:97:13-101:29
191                <action android:name="android.intent.action.MAIN" />
191-->src/main/AndroidManifest.xml:98:17-69
191-->src/main/AndroidManifest.xml:98:25-66
192
193                <category android:name="android.intent.category.LAUNCHER" />
193-->src/main/AndroidManifest.xml:100:17-77
193-->src/main/AndroidManifest.xml:100:27-74
194            </intent-filter>
195            <intent-filter>
195-->src/main/AndroidManifest.xml:102:13-111:29
196                <action android:name="android.intent.action.VIEW" />
196-->src/main/AndroidManifest.xml:103:17-69
196-->src/main/AndroidManifest.xml:103:25-66
197
198                <category android:name="android.intent.category.DEFAULT" />
198-->src/main/AndroidManifest.xml:35:17-76
198-->src/main/AndroidManifest.xml:35:27-73
199                <category android:name="android.intent.category.BROWSABLE" />
199-->src/main/AndroidManifest.xml:106:17-78
199-->src/main/AndroidManifest.xml:106:27-75
200
201                <data android:scheme="http" />
201-->src/main/AndroidManifest.xml:38:17-48
201-->src/main/AndroidManifest.xml:108:23-44
202                <data android:scheme="https" />
202-->src/main/AndroidManifest.xml:38:17-48
202-->src/main/AndroidManifest.xml:108:23-44
203                <data android:host="www.policyboss.com" />
203-->src/main/AndroidManifest.xml:38:17-48
203-->src/main/AndroidManifest.xml:110:23-56
204            </intent-filter>
205            <intent-filter>
205-->src/main/AndroidManifest.xml:112:13-121:29
206                <action android:name="android.intent.action.VIEW" />
206-->src/main/AndroidManifest.xml:103:17-69
206-->src/main/AndroidManifest.xml:103:25-66
207
208                <category android:name="android.intent.category.DEFAULT" />
208-->src/main/AndroidManifest.xml:35:17-76
208-->src/main/AndroidManifest.xml:35:27-73
209                <category android:name="android.intent.category.BROWSABLE" />
209-->src/main/AndroidManifest.xml:106:17-78
209-->src/main/AndroidManifest.xml:106:27-75
210
211                <data android:scheme="http" />
211-->src/main/AndroidManifest.xml:38:17-48
211-->src/main/AndroidManifest.xml:108:23-44
212                <data android:scheme="https" />
212-->src/main/AndroidManifest.xml:38:17-48
212-->src/main/AndroidManifest.xml:108:23-44
213                <data android:host="origin-cdnh.policyboss.com" />
213-->src/main/AndroidManifest.xml:38:17-48
213-->src/main/AndroidManifest.xml:110:23-56
214            </intent-filter>
215            <intent-filter>
215-->src/main/AndroidManifest.xml:122:13-131:29
216                <action android:name="android.intent.action.VIEW" />
216-->src/main/AndroidManifest.xml:103:17-69
216-->src/main/AndroidManifest.xml:103:25-66
217
218                <category android:name="android.intent.category.DEFAULT" />
218-->src/main/AndroidManifest.xml:35:17-76
218-->src/main/AndroidManifest.xml:35:27-73
219                <category android:name="android.intent.category.BROWSABLE" />
219-->src/main/AndroidManifest.xml:106:17-78
219-->src/main/AndroidManifest.xml:106:27-75
220
221                <data android:scheme="http" />
221-->src/main/AndroidManifest.xml:38:17-48
221-->src/main/AndroidManifest.xml:108:23-44
222                <data android:scheme="https" />
222-->src/main/AndroidManifest.xml:38:17-48
222-->src/main/AndroidManifest.xml:108:23-44
223                <data android:host="pboss.in" />
223-->src/main/AndroidManifest.xml:38:17-48
223-->src/main/AndroidManifest.xml:110:23-56
224            </intent-filter>
225        </activity>
226        <activity
226-->src/main/AndroidManifest.xml:133:9-138:76
227            android:name="com.policyboss.policybosspro.home.HomeActivity"
227-->src/main/AndroidManifest.xml:134:13-74
228            android:label="@string/title_activity_home"
228-->src/main/AndroidManifest.xml:135:13-56
229            android:screenOrientation="portrait"
229-->src/main/AndroidManifest.xml:136:13-49
230            android:theme="@style/AppTheme"
230-->src/main/AndroidManifest.xml:137:13-44
231            android:windowSoftInputMode="adjustResize|stateAlwaysHidden" />
231-->src/main/AndroidManifest.xml:138:13-73
232        <activity
232-->src/main/AndroidManifest.xml:139:9-150:20
233            android:name="com.policyboss.policybosspro.login.LoginActivity"
233-->src/main/AndroidManifest.xml:140:13-76
234            android:label="@string/title_activity_login"
234-->src/main/AndroidManifest.xml:141:13-57
235            android:launchMode="singleTask"
235-->src/main/AndroidManifest.xml:142:13-44
236            android:parentActivityName="com.policyboss.policybosspro.splashscreen.SplashScreenActivity"
236-->src/main/AndroidManifest.xml:143:13-104
237            android:screenOrientation="portrait"
237-->src/main/AndroidManifest.xml:144:13-49
238            android:theme="@style/Theme.Login"
238-->src/main/AndroidManifest.xml:145:13-47
239            android:windowSoftInputMode="adjustResize|stateAlwaysHidden" >
239-->src/main/AndroidManifest.xml:146:13-73
240            <meta-data
240-->src/main/AndroidManifest.xml:147:13-149:98
241                android:name="android.support.PARENT_ACTIVITY"
241-->src/main/AndroidManifest.xml:148:17-63
242                android:value="com.policyboss.policybosspro.splashscreen.SplashScreenActivity" />
242-->src/main/AndroidManifest.xml:149:17-95
243        </activity>
244        <activity
244-->src/main/AndroidManifest.xml:151:9-160:20
245            android:name="com.policyboss.policybosspro.motor.privatecar.activity.PrivateCarDetailActivity"
245-->src/main/AndroidManifest.xml:152:13-107
246            android:label="@string/title_activity_private_car_detail"
246-->src/main/AndroidManifest.xml:153:13-70
247            android:parentActivityName="com.policyboss.policybosspro.home.HomeActivity"
247-->src/main/AndroidManifest.xml:154:13-88
248            android:screenOrientation="portrait"
248-->src/main/AndroidManifest.xml:155:13-49
249            android:theme="@style/AppTheme" >
249-->src/main/AndroidManifest.xml:156:13-44
250            <meta-data
250-->src/main/AndroidManifest.xml:147:13-149:98
251                android:name="android.support.PARENT_ACTIVITY"
251-->src/main/AndroidManifest.xml:148:17-63
252                android:value="com.policyboss.policybosspro.home.HomeActivity" />
252-->src/main/AndroidManifest.xml:149:17-95
253        </activity>
254        <activity
254-->src/main/AndroidManifest.xml:161:9-171:20
255            android:name="com.policyboss.policybosspro.register.RegisterActivity"
255-->src/main/AndroidManifest.xml:162:13-82
256            android:label="@string/title_activity_register"
256-->src/main/AndroidManifest.xml:163:13-60
257            android:parentActivityName="com.policyboss.policybosspro.login.LoginActivity"
257-->src/main/AndroidManifest.xml:164:13-90
258            android:screenOrientation="portrait"
258-->src/main/AndroidManifest.xml:165:13-49
259            android:theme="@style/AppTheme"
259-->src/main/AndroidManifest.xml:166:13-44
260            android:windowSoftInputMode="stateAlwaysHidden|stateHidden|adjustResize" >
260-->src/main/AndroidManifest.xml:167:13-85
261            <meta-data
261-->src/main/AndroidManifest.xml:147:13-149:98
262                android:name="android.support.PARENT_ACTIVITY"
262-->src/main/AndroidManifest.xml:148:17-63
263                android:value="com.policyboss.policybosspro.login.LoginActivity" />
263-->src/main/AndroidManifest.xml:149:17-95
264        </activity>
265        <activity
265-->src/main/AndroidManifest.xml:172:9-178:75
266            android:name="com.policyboss.policybosspro.introslider.WelcomeActivity"
266-->src/main/AndroidManifest.xml:173:13-84
267            android:launchMode="singleTask"
267-->src/main/AndroidManifest.xml:174:13-44
268            android:noHistory="true"
268-->src/main/AndroidManifest.xml:175:13-37
269            android:screenOrientation="portrait"
269-->src/main/AndroidManifest.xml:176:13-49
270            android:theme="@style/AppTheme"
270-->src/main/AndroidManifest.xml:177:13-44
271            android:windowSoftInputMode="stateAlwaysHidden|stateHidden" />
271-->src/main/AndroidManifest.xml:178:13-72
272        <activity
272-->src/main/AndroidManifest.xml:179:9-185:76
273            android:name="com.policyboss.policybosspro.myaccount.MyAccountActivity"
273-->src/main/AndroidManifest.xml:180:13-84
274            android:label="@string/title_myaccount"
274-->src/main/AndroidManifest.xml:181:13-52
275            android:parentActivityName="com.policyboss.policybosspro.home.HomeActivity"
275-->src/main/AndroidManifest.xml:182:13-88
276            android:screenOrientation="portrait"
276-->src/main/AndroidManifest.xml:183:13-49
277            android:theme="@style/AppTheme"
277-->src/main/AndroidManifest.xml:184:13-44
278            android:windowSoftInputMode="adjustResize|stateAlwaysHidden" />
278-->src/main/AndroidManifest.xml:185:13-73
279        <activity
279-->src/main/AndroidManifest.xml:186:9-196:20
280            android:name="com.policyboss.policybosspro.posp.PospEnrollment"
280-->src/main/AndroidManifest.xml:187:13-76
281            android:label="@string/title_pospenrollment"
281-->src/main/AndroidManifest.xml:188:13-57
282            android:parentActivityName="com.policyboss.policybosspro.home.HomeActivity"
282-->src/main/AndroidManifest.xml:189:13-88
283            android:screenOrientation="portrait"
283-->src/main/AndroidManifest.xml:190:13-49
284            android:theme="@style/AppTheme"
284-->src/main/AndroidManifest.xml:191:13-44
285            android:windowSoftInputMode="stateAlwaysHidden|stateHidden" >
285-->src/main/AndroidManifest.xml:192:13-72
286            <meta-data
286-->src/main/AndroidManifest.xml:147:13-149:98
287                android:name="android.support.PARENT_ACTIVITY"
287-->src/main/AndroidManifest.xml:148:17-63
288                android:value="com.policyboss.policybosspro.home.HomeActivity" />
288-->src/main/AndroidManifest.xml:149:17-95
289        </activity>
290        <!--
291         Optionally, register AnalyticsReceiver and AnalyticsService to support background
292         dispatching on non-Google Play devices
293        -->
294        <activity
294-->src/main/AndroidManifest.xml:201:9-211:20
295            android:name="com.policyboss.policybosspro.motor.privatecar.activity.AddQuoteActivity"
295-->src/main/AndroidManifest.xml:202:13-99
296            android:label="@string/title_activity_add_new_quote"
296-->src/main/AndroidManifest.xml:203:13-65
297            android:parentActivityName="com.policyboss.policybosspro.motor.privatecar.activity.PrivateCarDetailActivity"
297-->src/main/AndroidManifest.xml:204:13-121
298            android:screenOrientation="portrait"
298-->src/main/AndroidManifest.xml:205:13-49
299            android:theme="@style/AppTheme"
299-->src/main/AndroidManifest.xml:206:13-44
300            android:windowSoftInputMode="stateAlwaysHidden|stateHidden" >
300-->src/main/AndroidManifest.xml:207:13-72
301            <meta-data
301-->src/main/AndroidManifest.xml:147:13-149:98
302                android:name="android.support.PARENT_ACTIVITY"
302-->src/main/AndroidManifest.xml:148:17-63
303                android:value="com.policyboss.policybosspro.motor.privatecar.activity.PrivateCarDetailActivity" />
303-->src/main/AndroidManifest.xml:149:17-95
304        </activity>
305        <activity
305-->src/main/AndroidManifest.xml:212:9-222:20
306            android:name="com.policyboss.policybosspro.motor.privatecar.activity.QuoteActivity"
306-->src/main/AndroidManifest.xml:213:13-96
307            android:label="@string/title_activity_quote"
307-->src/main/AndroidManifest.xml:214:13-57
308            android:parentActivityName="com.policyboss.policybosspro.motor.privatecar.activity.AddQuoteActivity"
308-->src/main/AndroidManifest.xml:215:13-113
309            android:screenOrientation="portrait"
309-->src/main/AndroidManifest.xml:216:13-49
310            android:theme="@style/AppTheme"
310-->src/main/AndroidManifest.xml:217:13-44
311            android:windowSoftInputMode="stateAlwaysHidden|stateHidden" >
311-->src/main/AndroidManifest.xml:218:13-72
312            <meta-data
312-->src/main/AndroidManifest.xml:147:13-149:98
313                android:name="android.support.PARENT_ACTIVITY"
313-->src/main/AndroidManifest.xml:148:17-63
314                android:value="com.policyboss.policybosspro.motor.privatecar.activity.AddQuoteActivity" />
314-->src/main/AndroidManifest.xml:149:17-95
315        </activity>
316        <!--